{"C:\\Users\\lonis\\Documents\\Proyectos\\Santex\\challenge\\src\\components\\Product\\index.tsx": {"path":"C:\\Users\\lonis\\Documents\\Proyectos\\Santex\\challenge\\src\\components\\Product\\index.tsx","statementMap":{"0":{"start":{"line":7,"column":23},"end":{"line":14,"column":1}},"1":{"start":{"line":12,"column":33},"end":{"line":12,"column":57}},"2":{"start":{"line":13,"column":30},"end":{"line":13,"column":55}},"3":{"start":{"line":16,"column":21},"end":{"line":20,"column":1}},"4":{"start":{"line":22,"column":27},"end":{"line":24,"column":1}},"5":{"start":{"line":23,"column":24},"end":{"line":23,"column":49}},"6":{"start":{"line":26,"column":21},"end":{"line":32,"column":1}},"7":{"start":{"line":30,"column":39},"end":{"line":30,"column":64}},"8":{"start":{"line":31,"column":40},"end":{"line":31,"column":65}},"9":{"start":{"line":34,"column":27},"end":{"line":37,"column":1}},"10":{"start":{"line":36,"column":23},"end":{"line":36,"column":49}},"11":{"start":{"line":39,"column":23},"end":{"line":45,"column":1}},"12":{"start":{"line":43,"column":20},"end":{"line":43,"column":45}},"13":{"start":{"line":44,"column":23},"end":{"line":44,"column":48}},"14":{"start":{"line":53,"column":52},"end":{"line":55,"column":3}},"15":{"start":{"line":56,"column":35},"end":{"line":56,"column":40}},"16":{"start":{"line":58,"column":26},"end":{"line":62,"column":43}},"17":{"start":{"line":59,"column":4},"end":{"line":61,"column":7}},"18":{"start":{"line":60,"column":19},"end":{"line":60,"column":51}},"19":{"start":{"line":64,"column":2},"end":{"line":91,"column":4}},"20":{"start":{"line":73,"column":27},"end":{"line":73,"column":63}},"21":{"start":{"line":76,"column":12},"end":{"line":78,"column":21}},"22":{"start":{"line":83,"column":27},"end":{"line":83,"column":58}}},"fnMap":{"0":{"name":"(anonymous_0)","decl":{"start":{"line":12,"column":22},"end":{"line":12,"column":23}},"loc":{"start":{"line":12,"column":33},"end":{"line":12,"column":57}},"line":12},"1":{"name":"(anonymous_1)","decl":{"start":{"line":13,"column":19},"end":{"line":13,"column":20}},"loc":{"start":{"line":13,"column":30},"end":{"line":13,"column":55}},"line":13},"2":{"name":"(anonymous_2)","decl":{"start":{"line":23,"column":13},"end":{"line":23,"column":14}},"loc":{"start":{"line":23,"column":24},"end":{"line":23,"column":49}},"line":23},"3":{"name":"(anonymous_3)","decl":{"start":{"line":30,"column":28},"end":{"line":30,"column":29}},"loc":{"start":{"line":30,"column":39},"end":{"line":30,"column":64}},"line":30},"4":{"name":"(anonymous_4)","decl":{"start":{"line":31,"column":29},"end":{"line":31,"column":30}},"loc":{"start":{"line":31,"column":40},"end":{"line":31,"column":65}},"line":31},"5":{"name":"(anonymous_5)","decl":{"start":{"line":36,"column":12},"end":{"line":36,"column":13}},"loc":{"start":{"line":36,"column":23},"end":{"line":36,"column":49}},"line":36},"6":{"name":"(anonymous_6)","decl":{"start":{"line":43,"column":9},"end":{"line":43,"column":10}},"loc":{"start":{"line":43,"column":20},"end":{"line":43,"column":45}},"line":43},"7":{"name":"(anonymous_7)","decl":{"start":{"line":44,"column":12},"end":{"line":44,"column":13}},"loc":{"start":{"line":44,"column":23},"end":{"line":44,"column":48}},"line":44},"8":{"name":"Product","decl":{"start":{"line":52,"column":16},"end":{"line":52,"column":23}},"loc":{"start":{"line":52,"column":45},"end":{"line":92,"column":1}},"line":52},"9":{"name":"(anonymous_9)","decl":{"start":{"line":58,"column":34},"end":{"line":58,"column":35}},"loc":{"start":{"line":58,"column":40},"end":{"line":62,"column":3}},"line":58},"10":{"name":"(anonymous_10)","decl":{"start":{"line":60,"column":6},"end":{"line":60,"column":7}},"loc":{"start":{"line":60,"column":19},"end":{"line":60,"column":51}},"line":60},"11":{"name":"(anonymous_11)","decl":{"start":{"line":73,"column":20},"end":{"line":73,"column":21}},"loc":{"start":{"line":73,"column":27},"end":{"line":73,"column":63}},"line":73},"12":{"name":"(anonymous_12)","decl":{"start":{"line":75,"column":32},"end":{"line":75,"column":33}},"loc":{"start":{"line":76,"column":12},"end":{"line":78,"column":21}},"line":76},"13":{"name":"(anonymous_13)","decl":{"start":{"line":83,"column":21},"end":{"line":83,"column":22}},"loc":{"start":{"line":83,"column":27},"end":{"line":83,"column":58}},"line":83}},"branchMap":{},"s":{"0":1,"1":4,"2":4,"3":1,"4":1,"5":4,"6":1,"7":4,"8":4,"9":1,"10":4,"11":1,"12":4,"13":4,"14":4,"15":4,"16":4,"17":4,"18":5,"19":4,"20":1,"21":6,"22":1},"f":{"0":4,"1":4,"2":4,"3":4,"4":4,"5":4,"6":4,"7":4,"8":4,"9":4,"10":5,"11":1,"12":6,"13":1},"b":{},"_coverageSchema":"1a1c01bbd47fc00a2c39e90264f33305004495a9","hash":"f49c4be70c5a1a5e2dbf065b20d0cbd2911f3025"}
,"C:\\Users\\lonis\\Documents\\Proyectos\\Santex\\challenge\\src\\components\\Select\\index.tsx": {"path":"C:\\Users\\lonis\\Documents\\Proyectos\\Santex\\challenge\\src\\components\\Select\\index.tsx","statementMap":{"0":{"start":{"line":3,"column":22},"end":{"line":19,"column":1}},"1":{"start":{"line":4,"column":24},"end":{"line":4,"column":49}},"2":{"start":{"line":6,"column":33},"end":{"line":6,"column":57}},"3":{"start":{"line":7,"column":23},"end":{"line":7,"column":48}}},"fnMap":{"0":{"name":"(anonymous_0)","decl":{"start":{"line":4,"column":13},"end":{"line":4,"column":14}},"loc":{"start":{"line":4,"column":24},"end":{"line":4,"column":49}},"line":4},"1":{"name":"(anonymous_1)","decl":{"start":{"line":6,"column":22},"end":{"line":6,"column":23}},"loc":{"start":{"line":6,"column":33},"end":{"line":6,"column":57}},"line":6},"2":{"name":"(anonymous_2)","decl":{"start":{"line":7,"column":12},"end":{"line":7,"column":13}},"loc":{"start":{"line":7,"column":23},"end":{"line":7,"column":48}},"line":7}},"branchMap":{},"s":{"0":1,"1":4,"2":4,"3":4},"f":{"0":4,"1":4,"2":4},"b":{},"_coverageSchema":"1a1c01bbd47fc00a2c39e90264f33305004495a9","hash":"39c44970d465c6f7db316ae341e413e45561dcc8"}
,"C:\\Users\\lonis\\Documents\\Proyectos\\Santex\\challenge\\src\\graphql\\queries.ts": {"path":"C:\\Users\\lonis\\Documents\\Proyectos\\Santex\\challenge\\src\\graphql\\queries.ts","statementMap":{"0":{"start":{"line":3,"column":29},"end":{"line":23,"column":1}}},"fnMap":{},"branchMap":{},"s":{"0":0},"f":{},"b":{}}
,"C:\\Users\\lonis\\Documents\\Proyectos\\Santex\\challenge\\src\\interfaces\\Asset.ts": {"path":"C:\\Users\\lonis\\Documents\\Proyectos\\Santex\\challenge\\src\\interfaces\\Asset.ts","statementMap":{},"fnMap":{},"branchMap":{},"s":{},"f":{},"b":{}}
,"C:\\Users\\lonis\\Documents\\Proyectos\\Santex\\challenge\\src\\interfaces\\Product.ts": {"path":"C:\\Users\\lonis\\Documents\\Proyectos\\Santex\\challenge\\src\\interfaces\\Product.ts","statementMap":{},"fnMap":{},"branchMap":{},"s":{},"f":{},"b":{}}
,"C:\\Users\\lonis\\Documents\\Proyectos\\Santex\\challenge\\src\\interfaces\\ProductVariant.ts": {"path":"C:\\Users\\lonis\\Documents\\Proyectos\\Santex\\challenge\\src\\interfaces\\ProductVariant.ts","statementMap":{},"fnMap":{},"branchMap":{},"s":{},"f":{},"b":{}}
,"C:\\Users\\lonis\\Documents\\Proyectos\\Santex\\challenge\\src\\utils\\renderWithStyledProvider.tsx": {"path":"C:\\Users\\lonis\\Documents\\Proyectos\\Santex\\challenge\\src\\utils\\renderWithStyledProvider.tsx","statementMap":{"0":{"start":{"line":7,"column":2},"end":{"line":7,"column":72}}},"fnMap":{"0":{"name":"renderWithStyledProvider","decl":{"start":{"line":6,"column":16},"end":{"line":6,"column":40}},"loc":{"start":{"line":6,"column":61},"end":{"line":8,"column":1}},"line":6}},"branchMap":{},"s":{"0":8},"f":{"0":8},"b":{},"_coverageSchema":"1a1c01bbd47fc00a2c39e90264f33305004495a9","hash":"da85000ac2949de60573429a4002108f2914e910"}
,"C:\\Users\\lonis\\Documents\\Proyectos\\Santex\\challenge\\src\\utils\\theme.ts": {"path":"C:\\Users\\lonis\\Documents\\Proyectos\\Santex\\challenge\\src\\utils\\theme.ts","statementMap":{"0":{"start":{"line":1,"column":15},"end":{"line":13,"column":1}},"1":{"start":{"line":15,"column":16},"end":{"line":18,"column":1}},"2":{"start":{"line":25,"column":21},"end":{"line":28,"column":1}}},"fnMap":{},"branchMap":{},"s":{"0":4,"1":4,"2":4},"f":{},"b":{},"_coverageSchema":"1a1c01bbd47fc00a2c39e90264f33305004495a9","hash":"678098e2996edaea892f3b25d9a8384f98c316ea"}
}
