TN:
SF:src\components\Product\index.tsx
FN:12,(anonymous_0)
FN:13,(anonymous_1)
FN:23,(anonymous_2)
FN:30,(anonymous_3)
FN:31,(anonymous_4)
FN:36,(anonymous_5)
FN:43,(anonymous_6)
FN:44,(anonymous_7)
FN:52,Product
FN:58,(anonymous_9)
FN:60,(anonymous_10)
FN:73,(anonymous_11)
FN:75,(anonymous_12)
FN:83,(anonymous_13)
FNF:14
FNH:14
FNDA:4,(anonymous_0)
FNDA:4,(anonymous_1)
FNDA:4,(anonymous_2)
FNDA:4,(anonymous_3)
FNDA:4,(anonymous_4)
FNDA:4,(anonymous_5)
FNDA:4,(anonymous_6)
FNDA:4,(anonymous_7)
FNDA:4,Product
FNDA:4,(anonymous_9)
FNDA:5,(anonymous_10)
FNDA:1,(anonymous_11)
FNDA:6,(anonymous_12)
FNDA:1,(anonymous_13)
DA:7,1
DA:12,4
DA:13,4
DA:16,1
DA:22,1
DA:23,4
DA:26,1
DA:30,4
DA:31,4
DA:34,1
DA:36,4
DA:39,1
DA:43,4
DA:44,4
DA:53,4
DA:56,4
DA:58,4
DA:59,4
DA:60,5
DA:64,4
DA:73,1
DA:76,6
DA:83,1
LF:23
LH:23
BRF:0
BRH:0
end_of_record
TN:
SF:src\components\Select\index.tsx
FN:4,(anonymous_0)
FN:6,(anonymous_1)
FN:7,(anonymous_2)
FNF:3
FNH:3
FNDA:4,(anonymous_0)
FNDA:4,(anonymous_1)
FNDA:4,(anonymous_2)
DA:3,1
DA:4,4
DA:6,4
DA:7,4
LF:4
LH:4
BRF:0
BRH:0
end_of_record
TN:
SF:src\graphql\queries.ts
FNF:0
FNH:0
DA:3,0
LF:1
LH:0
BRF:0
BRH:0
end_of_record
TN:
SF:src\interfaces\Asset.ts
FNF:0
FNH:0
LF:0
LH:0
BRF:0
BRH:0
end_of_record
TN:
SF:src\interfaces\Product.ts
FNF:0
FNH:0
LF:0
LH:0
BRF:0
BRH:0
end_of_record
TN:
SF:src\interfaces\ProductVariant.ts
FNF:0
FNH:0
LF:0
LH:0
BRF:0
BRH:0
end_of_record
TN:
SF:src\utils\renderWithStyledProvider.tsx
FN:6,renderWithStyledProvider
FNF:1
FNH:1
FNDA:8,renderWithStyledProvider
DA:7,8
LF:1
LH:1
BRF:0
BRH:0
end_of_record
TN:
SF:src\utils\theme.ts
FNF:0
FNH:0
DA:1,4
DA:15,4
DA:25,4
LF:3
LH:3
BRF:0
BRH:0
end_of_record
